[0m18:51:33.840904 [debug] [MainThread]: Sending event: {'category': 'dbt', 'action': 'invocation', 'label': 'start', 'context': [<snowplow_tracker.self_describing_json.SelfDescribingJson object at 0x000002289F3E8F50>, <snowplow_tracker.self_describing_json.SelfDescribingJson object at 0x000002289FEF88C0>, <snowplow_tracker.self_describing_json.SelfDescribingJson object at 0x000002289FD1D220>]}


============================== 18:51:33.885776 | c984f1f4-348e-4acb-8d9f-ff4f5f837842 ==============================
[0m18:51:33.885776 [info ] [MainThread]: Running with dbt=1.11.2
[0m18:51:33.886908 [debug] [MainThread]: running dbt with arguments {'static_parser': 'True', 'no_print': 'None', 'version_check': 'True', 'warn_error_options': 'WarnErrorOptionsV2(error=[], warn=[], silence=[])', 'target_path': 'None', 'printer_width': '80', 'write_json': 'True', 'introspect': 'True', 'log_cache_events': 'False', 'empty': 'None', 'cache_selected_only': 'False', 'log_format': 'default', 'debug': 'False', 'fail_fast': 'False', 'profiles_dir': 'C:\\Users\\FOM018\\.dbt', 'send_anonymous_usage_stats': 'True', 'quiet': 'False', 'warn_error': 'None', 'partial_parse': 'True', 'use_colors': 'True', 'invocation_command': 'dbt init', 'indirect_selection': 'eager', 'use_experimental_parser': 'False', 'log_path': 'logs'}
[0m18:52:24.894998 [debug] [MainThread]: Starter project path: C:\Users\FOM018\Desktop\Snowflake-dbt\Airnb_end-to_end_DE\.venv\Lib\site-packages\dbt\include\starter_project
[0m18:52:24.935209 [info ] [MainThread]: 
Your new dbt project "dbt_snowflake" was created!

For more information on how to configure the profiles.yml file,
please consult the dbt documentation here:

  https://docs.getdbt.com/docs/configure-your-profile

One more thing:

Need help? Don't hesitate to reach out to us via GitHub issues or on Slack:

  https://community.getdbt.com/

Happy modeling!

[0m18:52:24.936720 [info ] [MainThread]: Setting up your profile.
[0m18:52:30.406451 [debug] [MainThread]: Snowflake adapter: Setting snowflake.connector to ERROR (file logging only)
[0m18:52:30.407498 [debug] [MainThread]: Snowflake adapter: Setting botocore to ERROR (file logging only)
[0m18:52:30.407498 [debug] [MainThread]: Snowflake adapter: Setting boto3 to ERROR (file logging only)
[0m18:57:23.968040 [info ] [MainThread]: Profile dbt_snowflake written to C:\Users\FOM018\.dbt\profiles.yml using target's profile_template.yml and your supplied values. Run 'dbt debug' to validate the connection.
[0m18:57:23.971032 [debug] [MainThread]: Command `dbt init` succeeded at 18:57:23.971032 after 350.31 seconds
[0m18:57:23.972033 [debug] [MainThread]: Sending event: {'category': 'dbt', 'action': 'invocation', 'label': 'end', 'context': [<snowplow_tracker.self_describing_json.SelfDescribingJson object at 0x000002289F456930>, <snowplow_tracker.self_describing_json.SelfDescribingJson object at 0x00000228A1C021B0>, <snowplow_tracker.self_describing_json.SelfDescribingJson object at 0x00000228A37D3E30>]}
[0m18:57:23.973543 [debug] [MainThread]: Flushing usage events
[0m18:57:26.222006 [debug] [MainThread]: An error was encountered while trying to flush usage events
[0m19:39:32.844672 [debug] [MainThread]: Sending event: {'category': 'dbt', 'action': 'invocation', 'label': 'start', 'context': [<snowplow_tracker.self_describing_json.SelfDescribingJson object at 0x000001CB2A65C2C0>, <snowplow_tracker.self_describing_json.SelfDescribingJson object at 0x000001CB2CD99070>, <snowplow_tracker.self_describing_json.SelfDescribingJson object at 0x000001CB2A54CB30>]}


============================== 19:39:32.859217 | 7eabde00-f592-4b17-89ed-6b22bf81a00f ==============================
[0m19:39:32.859217 [info ] [MainThread]: Running with dbt=1.11.2
[0m19:39:32.859217 [debug] [MainThread]: running dbt with arguments {'version_check': 'True', 'no_print': 'None', 'static_parser': 'True', 'warn_error_options': 'WarnErrorOptionsV2(error=[], warn=[], silence=[])', 'target_path': 'None', 'printer_width': '80', 'write_json': 'True', 'introspect': 'True', 'log_cache_events': 'False', 'empty': 'False', 'cache_selected_only': 'False', 'fail_fast': 'False', 'debug': 'False', 'log_format': 'default', 'profiles_dir': 'C:\\Users\\FOM018\\.dbt', 'send_anonymous_usage_stats': 'True', 'quiet': 'False', 'warn_error': 'None', 'partial_parse': 'True', 'use_colors': 'True', 'indirect_selection': 'eager', 'invocation_command': 'dbt run --select demo', 'use_experimental_parser': 'False', 'log_path': 'logs'}
[0m19:39:32.859217 [error] [MainThread]: Encountered an error:
Runtime Error
  No dbt_project.yml found at expected path C:\Users\FOM018\Desktop\Snowflake-dbt\Airnb_end-to_end_DE\dbt_project.yml
  Verify that each entry within packages.yml (and their transitive dependencies) contains a file named dbt_project.yml
  
[0m19:39:32.859217 [debug] [MainThread]: Command `dbt run` failed at 19:39:32.859217 after 0.15 seconds
[0m19:39:32.859217 [debug] [MainThread]: Sending event: {'category': 'dbt', 'action': 'invocation', 'label': 'end', 'context': [<snowplow_tracker.self_describing_json.SelfDescribingJson object at 0x000001CB2CECA5A0>, <snowplow_tracker.self_describing_json.SelfDescribingJson object at 0x000001CB2CC69430>, <snowplow_tracker.self_describing_json.SelfDescribingJson object at 0x000001CB2CC694F0>]}
[0m19:39:32.859217 [debug] [MainThread]: Flushing usage events
[0m19:39:34.398767 [debug] [MainThread]: An error was encountered while trying to flush usage events
